<?xml version="1.0" encoding="UTF-8"?>
<!-- Generated by org.testng.reporters.JUnitXMLReporter -->
<testsuite ignored="2" hostname="LAPTOP-P7INNGLR" failures="0" tests="1" name="Test" time="29.088" errors="0" timestamp="2024-10-03T16:30:35 IST">
  <testcase classname="com.comcast.crm.orgtest.CreateOrganizationTest" name="createOrganizationTest" time="13.714"/>
  <testcase classname="com.comcast.crm.orgtest.CreateOrganizationTest" name="CreateOrganizationwithphoneno" time="0.0">
    <ignored/>
  </testcase> <!-- CreateOrganizationwithphoneno -->
  <testcase classname="com.comcast.crm.orgtest.CreateOrganizationTest" name="CreateOrganizationWithIndustriesTest" time="0.0">
    <ignored/>
  </testcase> <!-- CreateOrganizationWithIndustriesTest -->
</testsuite> <!-- Test -->
