<?xml version="1.0" encoding="UTF-8"?>
<!-- Generated by org.testng.reporters.JUnitXMLReporter -->
<testsuite ignored="1" hostname="Ashok" failures="1" tests="3" name="TestRunner1" time="52.242" errors="0" timestamp="2024-10-01T11:28:47 IST">
  <testcase classname="com.comcast.crm.orgtest.OrgModule" name="createOrgWithIndustry" time="7.911">
    <failure type="java.lang.AssertionError" message="expected [true] but found [false]">
      <![CDATA[java.lang.AssertionError: expected [true] but found [false]
at com.comcast.crm.orgtest.OrgModule.createOrgWithIndustry(OrgModule.java:75)
at java.base/java.util.ArrayList.forEach(ArrayList.java:1596)
at java.base/java.util.concurrent.FutureTask.run(FutureTask.java:317)
at java.base/java.util.concurrent.ThreadPoolExecutor.runWorker(ThreadPoolExecutor.java:1144)
at java.base/java.util.concurrent.ThreadPoolExecutor$Worker.run(ThreadPoolExecutor.java:642)
at java.base/java.lang.Thread.run(Thread.java:1583)
... Removed 19 stack frames]]>
    </failure>
  </testcase> <!-- createOrgWithIndustry -->
  <testcase classname="com.comcast.crm.orgtest.OrgModule" name="createOrgWithPhnoTest" time="6.216"/>
  <testcase classname="com.comcast.crm.orgtest.OrgModule" name="deleteOrgTest" time="9.336"/>
  <testcase classname="com.comcast.crm.orgtest.OrgModule" name="createOrgTest" time="0.0">
    <ignored/>
  </testcase> <!-- createOrgTest -->
</testsuite> <!-- TestRunner1 -->
