<?xml version="1.0" encoding="UTF-8"?>
<!-- Generated by org.testng.reporters.JUnitXMLReporter -->
<testsuite ignored="2" hostname="Ashok" failures="0" tests="1" name="Test2" time="0.11" errors="0" timestamp="2024-09-19T12:30:50 IST">
  <testcase classname="other.pratice.programs.Sample" name="test3" time="0.013"/>
  <testcase classname="other.pratice.programs.Sample" name="test2" time="0.0">
    <ignored/>
  </testcase> <!-- test2 -->
  <testcase classname="other.pratice.programs.Sample" name="test" time="0.0">
    <ignored/>
  </testcase> <!-- test -->
</testsuite> <!-- Test2 -->
