<?xml version="1.0" encoding="UTF-8"?>
<!-- Generated by org.testng.reporters.JUnitXMLReporter -->
<testsuite ignored="1" hostname="Ashok" failures="0" tests="2" name="TestRunner-2" time="89.118" errors="0" timestamp="2024-09-19T18:05:28 IST">
  <testcase classname="com.comcast.crm.contacttest.ContactModule" name="contactWitchSupportDateTest" time="44.443"/>
  <testcase classname="com.comcast.crm.contacttest.ContactModule" name="createContactWithOrgTest" time="15.902"/>
  <testcase classname="com.comcast.crm.contacttest.ContactModule" name="createContact" time="0.0">
    <ignored/>
  </testcase> <!-- createContact -->
</testsuite> <!-- TestRunner-2 -->
