<?xml version="1.0" encoding="UTF-8"?>
<!-- Generated by org.testng.reporters.JUnitXMLReporter -->
<testsuite ignored="0" hostname="Ashok" failures="0" tests="3" name="Test1" time="33.749" errors="0" timestamp="2024-09-20T15:28:21 IST">
  <testcase classname="com.comcast.crm.contacttest.ContactModule" name="contactWitchSupportDateTest" time="6.7"/>
  <testcase classname="com.comcast.crm.contacttest.ContactModule" name="createContact" time="6.005"/>
  <testcase classname="com.comcast.crm.contacttest.ContactModule" name="createContactWithOrgTest" time="7.613"/>
</testsuite> <!-- Test1 -->
