<?xml version="1.0" encoding="UTF-8"?>
<testng-results ignored="0" total="3" passed="3" failed="0" skipped="0">
  <reporter-output>
  </reporter-output>
  <suite started-at="2024-10-19T13:08:07 IST" name="Default suite" finished-at="2024-10-19T13:08:53 IST" duration-ms="46348">
    <groups>
      <group name="regressionTest">
        <method signature="CreateOrganizationTest.CreateOrganizationWithIndustriesTest()[pri:0, instance:com.comcast.crm.orgtest.CreateOrganizationTest@1ed6388a]" name="CreateOrganizationWithIndustriesTest" class="com.comcast.crm.orgtest.CreateOrganizationTest"/>
        <method signature="CreateOrganizationTest.CreateOrganizationwithphoneno()[pri:0, instance:com.comcast.crm.orgtest.CreateOrganizationTest@1ed6388a]" name="CreateOrganizationwithphoneno" class="com.comcast.crm.orgtest.CreateOrganizationTest"/>
      </group> <!-- regressionTest -->
      <group name="smokeTest">
        <method signature="CreateOrganizationTest.createOrganizationTest()[pri:0, instance:com.comcast.crm.orgtest.CreateOrganizationTest@1ed6388a]" name="createOrganizationTest" class="com.comcast.crm.orgtest.CreateOrganizationTest"/>
      </group> <!-- smokeTest -->
    </groups>
    <test started-at="2024-10-19T13:08:07 IST" name="Default test" finished-at="2024-10-19T13:08:53 IST" duration-ms="46348">
      <class name="com.comcast.crm.orgtest.CreateOrganizationTest">
        <test-method is-config="true" signature="configBS()[pri:0, instance:com.comcast.crm.orgtest.CreateOrganizationTest@1ed6388a]" started-at="2024-10-19T13:08:06 IST" name="configBS" finished-at="2024-10-19T13:08:07 IST" duration-ms="231" status="PASS">
          <reporter-output>
          </reporter-output>
        </test-method> <!-- configBS -->
        <test-method is-config="true" signature="configBC()[pri:0, instance:com.comcast.crm.orgtest.CreateOrganizationTest@1ed6388a]" started-at="2024-10-19T13:08:07 IST" name="configBC" finished-at="2024-10-19T13:08:11 IST" duration-ms="4175" status="PASS">
          <reporter-output>
          </reporter-output>
        </test-method> <!-- configBC -->
        <test-method is-config="true" signature="configBM()[pri:0, instance:com.comcast.crm.orgtest.CreateOrganizationTest@1ed6388a]" started-at="2024-10-19T13:08:11 IST" name="configBM" finished-at="2024-10-19T13:08:15 IST" duration-ms="4100" status="PASS">
          <reporter-output>
          </reporter-output>
        </test-method> <!-- configBM -->
        <test-method signature="CreateOrganizationWithIndustriesTest()[pri:0, instance:com.comcast.crm.orgtest.CreateOrganizationTest@1ed6388a]" started-at="2024-10-19T13:08:15 IST" name="CreateOrganizationWithIndustriesTest" finished-at="2024-10-19T13:08:25 IST" duration-ms="10058" status="PASS">
          <reporter-output>
          </reporter-output>
        </test-method> <!-- CreateOrganizationWithIndustriesTest -->
        <test-method is-config="true" signature="congigAM()[pri:0, instance:com.comcast.crm.orgtest.CreateOrganizationTest@1ed6388a]" started-at="2024-10-19T13:08:25 IST" name="congigAM" finished-at="2024-10-19T13:08:26 IST" duration-ms="1383" status="PASS">
          <reporter-output>
          </reporter-output>
        </test-method> <!-- congigAM -->
        <test-method is-config="true" signature="configBM()[pri:0, instance:com.comcast.crm.orgtest.CreateOrganizationTest@1ed6388a]" started-at="2024-10-19T13:08:26 IST" name="configBM" finished-at="2024-10-19T13:08:29 IST" duration-ms="2543" status="PASS">
          <reporter-output>
          </reporter-output>
        </test-method> <!-- configBM -->
        <test-method signature="CreateOrganizationwithphoneno()[pri:0, instance:com.comcast.crm.orgtest.CreateOrganizationTest@1ed6388a]" started-at="2024-10-19T13:08:29 IST" name="CreateOrganizationwithphoneno" finished-at="2024-10-19T13:08:38 IST" duration-ms="9101" status="PASS">
          <reporter-output>
          </reporter-output>
        </test-method> <!-- CreateOrganizationwithphoneno -->
        <test-method is-config="true" signature="congigAM()[pri:0, instance:com.comcast.crm.orgtest.CreateOrganizationTest@1ed6388a]" started-at="2024-10-19T13:08:38 IST" name="congigAM" finished-at="2024-10-19T13:08:40 IST" duration-ms="1540" status="PASS">
          <reporter-output>
          </reporter-output>
        </test-method> <!-- congigAM -->
        <test-method is-config="true" signature="configBM()[pri:0, instance:com.comcast.crm.orgtest.CreateOrganizationTest@1ed6388a]" started-at="2024-10-19T13:08:40 IST" name="configBM" finished-at="2024-10-19T13:08:42 IST" duration-ms="2589" status="PASS">
          <reporter-output>
          </reporter-output>
        </test-method> <!-- configBM -->
        <test-method signature="createOrganizationTest()[pri:0, instance:com.comcast.crm.orgtest.CreateOrganizationTest@1ed6388a]" started-at="2024-10-19T13:08:42 IST" name="createOrganizationTest" finished-at="2024-10-19T13:08:51 IST" duration-ms="8330" status="PASS">
          <reporter-output>
          </reporter-output>
        </test-method> <!-- createOrganizationTest -->
        <test-method is-config="true" signature="congigAM()[pri:0, instance:com.comcast.crm.orgtest.CreateOrganizationTest@1ed6388a]" started-at="2024-10-19T13:08:51 IST" name="congigAM" finished-at="2024-10-19T13:08:52 IST" duration-ms="1457" status="PASS">
          <reporter-output>
          </reporter-output>
        </test-method> <!-- congigAM -->
        <test-method is-config="true" signature="configAC()[pri:0, instance:com.comcast.crm.orgtest.CreateOrganizationTest@1ed6388a]" started-at="2024-10-19T13:08:52 IST" name="configAC" finished-at="2024-10-19T13:08:53 IST" duration-ms="1035" status="PASS">
          <reporter-output>
          </reporter-output>
        </test-method> <!-- configAC -->
        <test-method is-config="true" signature="configAS()[pri:0, instance:com.comcast.crm.orgtest.CreateOrganizationTest@1ed6388a]" started-at="2024-10-19T13:08:53 IST" name="configAS" finished-at="2024-10-19T13:08:53 IST" duration-ms="8" status="PASS">
          <reporter-output>
          </reporter-output>
        </test-method> <!-- configAS -->
      </class> <!-- com.comcast.crm.orgtest.CreateOrganizationTest -->
    </test> <!-- Default test -->
  </suite> <!-- Default suite -->
</testng-results>
